app/build/intermediates/manifest_merge_blame_file/debug/manifest-merger-blame-debug-report.txt
1<?xml version="1.0" encoding="utf-8"?>
2<manifest xmlns:android="http://schemas.android.com/apk/res/android"
3    package="com.example.collegeexploration"
4    android:versionCode="1"
5    android:versionName="1.0" >
6
7    <uses-sdk
8        android:minSdkVersion="24"
8-->src\main\AndroidManifest.xml
9        android:targetSdkVersion="30" />
9-->src\main\AndroidManifest.xml
10
11    <uses-permission android:name="android.permission.WAKE_LOCK" />
11-->src\main\AndroidManifest.xml:5:5-68
11-->src\main\AndroidManifest.xml:5:22-65
12    <uses-permission android:name="android.permission.CAMERA" />
12-->src\main\AndroidManifest.xml:6:5-65
12-->src\main\AndroidManifest.xml:6:22-62
13    <!--
14This helps to check a specific feature in the phone's hardware,
15        here it is OpenGlES version. Sceneform needs OpenGLES Version 3.0 or later
16    -->
17    <uses-feature
17-->src\main\AndroidManifest.xml:11:5-13:35
18        android:glEsVersion="0x00030000"
18-->src\main\AndroidManifest.xml:12:9-41
19        android:required="true" />
19-->src\main\AndroidManifest.xml:13:9-32
20    <!--
21Indicates that this app requires Google Play Services for AR.
22        Limits app visibility in the Google Play Store to ARCore supported devices
23    -->
24    <uses-feature
24-->src\main\AndroidManifest.xml:18:5-20:35
25        android:name="android.hardware.camera.ar"
25-->src\main\AndroidManifest.xml:19:9-50
26        android:required="true" />
26-->src\main\AndroidManifest.xml:20:9-32
27
28    <uses-permission android:name="android.permission.INTERNET" />
28-->src\main\AndroidManifest.xml:22:5-67
28-->src\main\AndroidManifest.xml:22:22-64
29    <uses-permission android:name="android.permission.ACCESS_NETWORK_STATE" />
29-->[com.google.android.exoplayer:exoplayer-core:2.13.3] AndroidManifest.xml:24:5-79
29-->[com.google.android.exoplayer:exoplayer-core:2.13.3] AndroidManifest.xml:24:22-76
30
31    <application
31-->src\main\AndroidManifest.xml:24:5-49:19
32        android:name="com.example.collegeexploration.MvpApp"
32-->src\main\AndroidManifest.xml:25:9-31
33        android:allowBackup="true"
33-->src\main\AndroidManifest.xml:26:9-35
34        android:appComponentFactory="androidx.core.app.CoreComponentFactory"
34-->[androidx.core:core:1.3.2] AndroidManifest.xml:24:18-86
35        android:debuggable="true"
36        android:extractNativeLibs="false"
37        android:icon="@mipmap/ic_launcher"
37-->src\main\AndroidManifest.xml:27:9-43
38        android:label="@string/app_name"
38-->src\main\AndroidManifest.xml:28:9-41
39        android:roundIcon="@mipmap/ic_launcher_round"
39-->src\main\AndroidManifest.xml:29:9-54
40        android:supportsRtl="true"
40-->src\main\AndroidManifest.xml:30:9-35
41        android:testOnly="true"
42        android:theme="@style/Theme.CollegeExploration" >
42-->src\main\AndroidManifest.xml:31:9-56
43        <activity android:name="com.example.collegeexploration.ui.vrimage.VRImageActivity" />
43-->src\main\AndroidManifest.xml:32:9-73
43-->src\main\AndroidManifest.xml:32:19-61
44        <activity android:name="com.example.collegeexploration.ui.vrvideo.VRVideoActivity" />
44-->src\main\AndroidManifest.xml:33:9-73
44-->src\main\AndroidManifest.xml:33:19-61
45        <!--
46         ARCore need to be installed, as the app does not include any non-AR features.
47        For an "AR Optional" app, specify "optional" instead of "required".
48        -->
49        <meta-data
49-->src\main\AndroidManifest.xml:38:9-40:40
50            android:name="com.google.ar.core"
50-->src\main\AndroidManifest.xml:39:13-46
51            android:value="required" />
51-->src\main\AndroidManifest.xml:40:13-37
52
53        <activity android:name="com.example.collegeexploration.ui.main.MainActivity" >
53-->src\main\AndroidManifest.xml:42:9-48:20
53-->src\main\AndroidManifest.xml:42:19-55
54            <intent-filter>
54-->src\main\AndroidManifest.xml:43:13-47:29
55                <action android:name="android.intent.action.MAIN" />
55-->src\main\AndroidManifest.xml:44:17-69
55-->src\main\AndroidManifest.xml:44:25-66
56
57                <category android:name="android.intent.category.LAUNCHER" />
57-->src\main\AndroidManifest.xml:46:17-77
57-->src\main\AndroidManifest.xml:46:27-74
58            </intent-filter>
59        </activity>
60        <!-- The minimal version code of ARCore APK required for an app using this SDK. -->
61        <meta-data
61-->[com.google.ar:core:1.16.0] AndroidManifest.xml:33:9-35:41
62            android:name="com.google.ar.core.min_apk_version"
62-->[com.google.ar:core:1.16.0] AndroidManifest.xml:34:13-62
63            android:value="191220000" /> <!-- This activity is critical for installing ARCore when it is not already present. -->
63-->[com.google.ar:core:1.16.0] AndroidManifest.xml:35:13-38
64        <activity
64-->[com.google.ar:core:1.16.0] AndroidManifest.xml:37:9-43:80
65            android:name="com.google.ar.core.InstallActivity"
65-->[com.google.ar:core:1.16.0] AndroidManifest.xml:38:13-62
66            android:configChanges="keyboardHidden|orientation|screenSize"
66-->[com.google.ar:core:1.16.0] AndroidManifest.xml:39:13-74
67            android:excludeFromRecents="true"
67-->[com.google.ar:core:1.16.0] AndroidManifest.xml:40:13-46
68            android:exported="false"
68-->[com.google.ar:core:1.16.0] AndroidManifest.xml:41:13-37
69            android:launchMode="singleTop"
69-->[com.google.ar:core:1.16.0] AndroidManifest.xml:42:13-43
70            android:theme="@android:style/Theme.Material.Light.Dialog.Alert" />
70-->[com.google.ar:core:1.16.0] AndroidManifest.xml:43:13-77
71    </application>
72
73</manifest>